<?xml version="1.0" encoding="UTF-8"?>
<testng-results ignored="0" total="1" passed="1" failed="0" skipped="0">
  <reporter-output>
  </reporter-output>
  <suite started-at="2020-03-02T09:18:41Z" name="Suite1" finished-at="2020-03-02T09:19:08Z" duration-ms="26010">
    <groups>
    </groups>
    <test started-at="2020-03-02T09:18:41Z" name="Test1" finished-at="2020-03-02T09:19:08Z" duration-ms="26010">
      <class name="test.Test1_GoogleSearch">
        <test-method is-config="true" signature="setupTest()[pri:0, instance:test.Test1_GoogleSearch@4b8ee4de]" started-at="2020-03-02T09:18:42Z" name="setupTest" finished-at="2020-03-02T09:18:57Z" duration-ms="15142" status="PASS">
          <reporter-output>
          </reporter-output>
        </test-method> <!-- setupTest -->
        <test-method signature="googleSearch()[pri:0, instance:test.Test1_GoogleSearch@4b8ee4de]" started-at="2020-03-02T09:18:57Z" name="googleSearch" finished-at="2020-03-02T09:19:06Z" duration-ms="8901" status="PASS">
          <reporter-output>
          </reporter-output>
        </test-method> <!-- googleSearch -->
        <test-method is-config="true" signature="tearDownTest()[pri:0, instance:test.Test1_GoogleSearch@4b8ee4de]" started-at="2020-03-02T09:19:06Z" name="tearDownTest" finished-at="2020-03-02T09:19:08Z" duration-ms="1915" status="PASS">
          <reporter-output>
          </reporter-output>
        </test-method> <!-- tearDownTest -->
      </class> <!-- test.Test1_GoogleSearch -->
    </test> <!-- Test1 -->
  </suite> <!-- Suite1 -->
</testng-results>
